2020-04-10 14:40:23,550 - BUMP Image - INFO - File selected: C:/Users/paul/Downloads/1551076879/1551076879\RAW-BUMP-CAM-00001551077011036127-00200.bin
2020-04-10 14:40:23,551 - BUMP Image - INFO - Found 14 frames in C:/Users/paul/Downloads/1551076879/1551076879\RAW-BUMP-CAM-00001551077011036127-00200.bin
2020-04-10 14:40:23,618 - BUMP Image - INFO - Loading frame: 1...
2020-04-10 14:40:23,657 - BUMP Image - INFO - Waiting for frame: 0...
2020-04-10 14:40:23,686 - BUMP Image - INFO - Loading frame: 2...
2020-04-10 14:40:23,755 - BUMP Image - INFO - Loading frame: 3...
2020-04-10 14:40:23,821 - BUMP Image - INFO - Loading frame: 4...
2020-04-10 14:40:23,886 - BUMP Image - INFO - Loading frame: 5...
2020-04-10 14:40:23,952 - BUMP Image - INFO - Loading frame: 6...
2020-04-10 14:40:24,017 - BUMP Image - INFO - Loading frame: 7...
2020-04-10 14:40:24,082 - BUMP Image - INFO - Loading frame: 8...
2020-04-10 14:40:24,148 - BUMP Image - INFO - Loading frame: 9...
2020-04-10 14:40:24,212 - BUMP Image - INFO - Loading frame: 10...
2020-04-10 14:40:24,277 - BUMP Image - INFO - Loading frame: 11...
2020-04-10 14:40:24,342 - BUMP Image - INFO - Loading frame: 12...
2020-04-10 14:40:24,407 - BUMP Image - INFO - Loading frame: 13...
2020-04-10 14:40:24,472 - BUMP Image - INFO - Loading frame: 14...
2020-04-10 14:40:29,134 - BUMP Image - INFO - Exporting: C:/Users/paul/Downloads/1551076879/1551076879\RAW-BUMP-CAM-00001551077011036127-00200.bin
2020-04-10 14:40:29,135 - BUMP Image - INFO - Found 14 frames in C:/Users/paul/Downloads/1551076879/1551076879\RAW-BUMP-CAM-00001551077011036127-00200.bin
2020-04-10 14:40:31,989 - BUMP Image - INFO - File selected: C:/Users/paul/Downloads/1551076879/1551076879\RAW-BUMP-CAM-00001551077482953488-01000.bin
2020-04-10 14:40:31,989 - BUMP Image - INFO - Found 14 frames in C:/Users/paul/Downloads/1551076879/1551076879\RAW-BUMP-CAM-00001551077482953488-01000.bin
2020-04-10 14:40:32,056 - BUMP Image - INFO - Loading frame: 1...
2020-04-10 14:40:32,096 - BUMP Image - INFO - Waiting for frame: 0...
2020-04-10 14:40:32,122 - BUMP Image - INFO - Loading frame: 2...
2020-04-10 14:40:32,189 - BUMP Image - INFO - Loading frame: 3...
2020-04-10 14:40:32,254 - BUMP Image - INFO - Loading frame: 4...
2020-04-10 14:40:32,320 - BUMP Image - INFO - Loading frame: 5...
2020-04-10 14:40:32,385 - BUMP Image - INFO - Loading frame: 6...
2020-04-10 14:40:32,450 - BUMP Image - INFO - Loading frame: 7...
2020-04-10 14:40:32,516 - BUMP Image - INFO - Loading frame: 8...
2020-04-10 14:40:32,580 - BUMP Image - INFO - Loading frame: 9...
2020-04-10 14:40:32,646 - BUMP Image - INFO - Loading frame: 10...
2020-04-10 14:40:32,711 - BUMP Image - INFO - Loading frame: 11...
2020-04-10 14:40:32,776 - BUMP Image - INFO - Loading frame: 12...
2020-04-10 14:40:32,843 - BUMP Image - INFO - Loading frame: 13...
2020-04-10 14:40:32,908 - BUMP Image - INFO - Loading frame: 14...
2020-04-10 14:40:41,804 - BUMP Image - INFO - Exporting: C:/Users/paul/Downloads/1551076879/1551076879\RAW-BUMP-CAM-00001551077482953488-01000.bin
2020-04-10 14:40:41,805 - BUMP Image - INFO - Found 14 frames in C:/Users/paul/Downloads/1551076879/1551076879\RAW-BUMP-CAM-00001551077482953488-01000.bin
